2016-05-27 17:08:26,437 [Worker-15] INFO  o.e.m.c.i.p.ProjectConfigurationManager - Collecting project info '/pom.xml' E:\sts_workspace\util\util-parent\pom.xml
2016-05-27 17:08:27,087 [Worker-15] INFO  o.e.m.c.i.l.LifecycleMappingFactory - Using org.eclipse.m2e.jdt.JarLifecycleMapping lifecycle mapping for MavenProject: com.robert.util:util-parent:0.0.1-SNAPSHOT @ E:\sts_workspace\util\util-parent\pom.xml.
2016-05-27 17:08:27,497 [Worker-15] INFO  o.e.m.j.i.AbstractJavaProjectConfigurator - Adding source folder /util-parent/src/main/java
2016-05-27 17:08:27,499 [Worker-15] INFO  o.e.m.j.i.AbstractJavaProjectConfigurator - Adding source folder /util-parent/src/test/java
2016-05-27 17:08:27,582 [Worker-15] INFO  o.e.m.c.i.p.ProjectConfigurationManager - Project import completed 1 sec
2016-05-27 17:08:28,521 [Worker-13] INFO  o.e.m.c.i.l.LifecycleMappingFactory - Using org.eclipse.m2e.jdt.JarLifecycleMapping lifecycle mapping for MavenProject: com.robert.util:util-parent:0.0.1-SNAPSHOT @ E:\sts_workspace\util\util-parent\pom.xml.
2016-05-27 17:08:28,686 [Worker-13] INFO  o.e.m.c.i.embedder.EclipseLogger - Using 'UTF-8' encoding to copy filtered resources.
2016-05-27 17:08:28,687 [Worker-13] INFO  o.e.m.c.i.embedder.EclipseLogger - skip non existing resourceDirectory E:\sts_workspace\util\util-parent\src\main\resources
2016-05-27 17:08:28,688 [Worker-13] INFO  o.e.m.c.i.embedder.EclipseLogger - Using 'UTF-8' encoding to copy filtered resources.
2016-05-27 17:08:28,689 [Worker-13] INFO  o.e.m.c.i.embedder.EclipseLogger - skip non existing resourceDirectory E:\sts_workspace\util\util-parent\src\test\resources
2016-05-27 17:08:28,968 [Worker-1] INFO  o.e.m.c.i.l.LifecycleMappingFactory - Using org.eclipse.m2e.jdt.JarLifecycleMapping lifecycle mapping for MavenProject: com.robert.util:util-parent:0.0.1-SNAPSHOT @ E:\sts_workspace\util\util-parent\pom.xml.
2016-05-27 17:08:29,738 [Worker-15] INFO  o.e.m.c.i.embedder.EclipseLogger - Using 'UTF-8' encoding to copy filtered resources.
2016-05-27 17:08:29,739 [Worker-15] INFO  o.e.m.c.i.embedder.EclipseLogger - skip non existing resourceDirectory E:\sts_workspace\util\util-parent\src\main\resources
2016-05-27 17:08:29,740 [Worker-15] INFO  o.e.m.c.i.embedder.EclipseLogger - Using 'UTF-8' encoding to copy filtered resources.
2016-05-27 17:08:29,740 [Worker-15] INFO  o.e.m.c.i.embedder.EclipseLogger - skip non existing resourceDirectory E:\sts_workspace\util\util-parent\src\test\resources
2016-05-27 17:09:32,165 [Worker-20] INFO  o.e.m.c.i.l.LifecycleMappingFactory - Using NULL lifecycle mapping for MavenProject: com.robert.util:util-parent:0.0.1-SNAPSHOT @ E:\sts_workspace\util\util-parent\pom.xml.
2016-05-27 17:09:38,808 [Worker-19] INFO  o.e.m.c.i.l.LifecycleMappingFactory - Using NULL lifecycle mapping for MavenProject: com.robert.util:util-parent:0.0.1-SNAPSHOT @ E:\sts_workspace\util\util-parent\pom.xml.
2016-05-27 17:09:43,206 [Worker-18] INFO  o.e.m.c.i.l.LifecycleMappingFactory - Using NULL lifecycle mapping for MavenProject: com.robert.util:util-parent:0.0.1-SNAPSHOT @ E:\sts_workspace\util\util-parent\pom.xml.
2016-05-27 17:09:53,874 [Worker-18] INFO  o.e.m.c.i.l.LifecycleMappingFactory - Using NULL lifecycle mapping for MavenProject: com.robert.util:util-parent:0.0.1-SNAPSHOT @ E:\sts_workspace\util\util-parent\pom.xml.
2016-05-27 17:10:01,434 [Worker-22] INFO  o.e.m.c.i.p.ProjectConfigurationManager - Update started
2016-05-27 17:10:01,441 [Worker-22] INFO  o.e.m.c.i.l.LifecycleMappingFactory - Using NULL lifecycle mapping for MavenProject: com.robert.util:util-parent:0.0.1-SNAPSHOT @ E:\sts_workspace\util\util-parent\pom.xml.
2016-05-27 17:10:01,459 [Worker-22] INFO  o.e.m.c.i.p.ProjectConfigurationManager - Update completed: 0 sec
